[0.041s] Invoking command in '/home/robotdisco/robot_disco_ros2/ros2_ws/build/robot_disco_description': CMAKE_PREFIX_PATH=${CMAKE_PREFIX_PATH}:/opt/ros/humble /usr/bin/cmake /home/robotdisco/robot_disco_ros2/ros2_ws/src/robot_disco_description -DCMAKE_INSTALL_PREFIX=/home/robotdisco/robot_disco_ros2/ros2_ws/install/robot_disco_description
[0.096s] -- The C compiler identification is GNU 11.4.0
[0.138s] -- The CXX compiler identification is GNU 11.4.0
[0.144s] -- Detecting C compiler ABI info
[0.192s] -- Detecting C compiler ABI info - done
[0.198s] -- Check for working C compiler: /usr/bin/cc - skipped
[0.198s] -- Detecting C compile features
[0.198s] -- Detecting C compile features - done
[0.201s] -- Detecting CXX compiler ABI info
[0.254s] -- Detecting CXX compiler ABI info - done
[0.260s] -- Check for working CXX compiler: /usr/bin/c++ - skipped
[0.260s] -- Detecting CXX compile features
[0.261s] -- Detecting CXX compile features - done
[0.262s] -- Found ament_cmake: 1.3.8 (/opt/ros/humble/share/ament_cmake/cmake)
[0.363s] -- Found Python3: /usr/bin/python3 (found version "3.10.12") found components: Interpreter 
[0.465s] -- Configuring done
[0.467s] -- Generating done
[0.467s] -- Build files have been written to: /home/robotdisco/robot_disco_ros2/ros2_ws/build/robot_disco_description
[0.470s] Invoked command in '/home/robotdisco/robot_disco_ros2/ros2_ws/build/robot_disco_description' returned '0': CMAKE_PREFIX_PATH=${CMAKE_PREFIX_PATH}:/opt/ros/humble /usr/bin/cmake /home/robotdisco/robot_disco_ros2/ros2_ws/src/robot_disco_description -DCMAKE_INSTALL_PREFIX=/home/robotdisco/robot_disco_ros2/ros2_ws/install/robot_disco_description
[0.472s] Invoking command in '/home/robotdisco/robot_disco_ros2/ros2_ws/build/robot_disco_description': CMAKE_PREFIX_PATH=${CMAKE_PREFIX_PATH}:/opt/ros/humble /usr/bin/cmake --build /home/robotdisco/robot_disco_ros2/ros2_ws/build/robot_disco_description -- -j16 -l16
[0.493s] Invoked command in '/home/robotdisco/robot_disco_ros2/ros2_ws/build/robot_disco_description' returned '0': CMAKE_PREFIX_PATH=${CMAKE_PREFIX_PATH}:/opt/ros/humble /usr/bin/cmake --build /home/robotdisco/robot_disco_ros2/ros2_ws/build/robot_disco_description -- -j16 -l16
[0.511s] Invoking command in '/home/robotdisco/robot_disco_ros2/ros2_ws/build/robot_disco_description': CMAKE_PREFIX_PATH=${CMAKE_PREFIX_PATH}:/opt/ros/humble /usr/bin/cmake --install /home/robotdisco/robot_disco_ros2/ros2_ws/build/robot_disco_description
[0.516s] -- Install configuration: ""
[0.516s] -- Installing: /home/robotdisco/robot_disco_ros2/ros2_ws/install/robot_disco_description/share/robot_disco_description//urdf
[0.516s] -- Installing: /home/robotdisco/robot_disco_ros2/ros2_ws/install/robot_disco_description/share/robot_disco_description//urdf/robot_disco.urdf
[0.516s] -- Installing: /home/robotdisco/robot_disco_ros2/ros2_ws/install/robot_disco_description/share/robot_disco_description//launch
[0.516s] -- Installing: /home/robotdisco/robot_disco_ros2/ros2_ws/install/robot_disco_description/share/robot_disco_description//launch/display.launch.xml
[0.516s] -- Installing: /home/robotdisco/robot_disco_ros2/ros2_ws/install/robot_disco_description/share/robot_disco_description//rviz2
[0.516s] -- Installing: /home/robotdisco/robot_disco_ros2/ros2_ws/install/robot_disco_description/share/robot_disco_description//rviz2/urdf.rviz
[0.516s] -- Installing: /home/robotdisco/robot_disco_ros2/ros2_ws/install/robot_disco_description/share/ament_index/resource_index/package_run_dependencies/robot_disco_description
[0.516s] -- Installing: /home/robotdisco/robot_disco_ros2/ros2_ws/install/robot_disco_description/share/ament_index/resource_index/parent_prefix_path/robot_disco_description
[0.517s] -- Installing: /home/robotdisco/robot_disco_ros2/ros2_ws/install/robot_disco_description/share/robot_disco_description/environment/ament_prefix_path.sh
[0.517s] -- Installing: /home/robotdisco/robot_disco_ros2/ros2_ws/install/robot_disco_description/share/robot_disco_description/environment/ament_prefix_path.dsv
[0.517s] -- Installing: /home/robotdisco/robot_disco_ros2/ros2_ws/install/robot_disco_description/share/robot_disco_description/environment/path.sh
[0.517s] -- Installing: /home/robotdisco/robot_disco_ros2/ros2_ws/install/robot_disco_description/share/robot_disco_description/environment/path.dsv
[0.517s] -- Installing: /home/robotdisco/robot_disco_ros2/ros2_ws/install/robot_disco_description/share/robot_disco_description/local_setup.bash
[0.517s] -- Installing: /home/robotdisco/robot_disco_ros2/ros2_ws/install/robot_disco_description/share/robot_disco_description/local_setup.sh
[0.517s] -- Installing: /home/robotdisco/robot_disco_ros2/ros2_ws/install/robot_disco_description/share/robot_disco_description/local_setup.zsh
[0.517s] -- Installing: /home/robotdisco/robot_disco_ros2/ros2_ws/install/robot_disco_description/share/robot_disco_description/local_setup.dsv
[0.517s] -- Installing: /home/robotdisco/robot_disco_ros2/ros2_ws/install/robot_disco_description/share/robot_disco_description/package.dsv
[0.517s] -- Installing: /home/robotdisco/robot_disco_ros2/ros2_ws/install/robot_disco_description/share/ament_index/resource_index/packages/robot_disco_description
[0.518s] -- Installing: /home/robotdisco/robot_disco_ros2/ros2_ws/install/robot_disco_description/share/robot_disco_description/cmake/robot_disco_descriptionConfig.cmake
[0.518s] -- Installing: /home/robotdisco/robot_disco_ros2/ros2_ws/install/robot_disco_description/share/robot_disco_description/cmake/robot_disco_descriptionConfig-version.cmake
[0.518s] -- Installing: /home/robotdisco/robot_disco_ros2/ros2_ws/install/robot_disco_description/share/robot_disco_description/package.xml
[0.519s] Invoked command in '/home/robotdisco/robot_disco_ros2/ros2_ws/build/robot_disco_description' returned '0': CMAKE_PREFIX_PATH=${CMAKE_PREFIX_PATH}:/opt/ros/humble /usr/bin/cmake --install /home/robotdisco/robot_disco_ros2/ros2_ws/build/robot_disco_description
